0 verbose cli /usr/local/bin/node /usr/local/bin/npm
1 info using npm@11.6.2
2 info using node@v24.11.1
3 silly config load:file:/usr/local/lib/node_modules/npm/npmrc
4 silly config load:file:/Users/tejaspatel/Himani Joshi/.npmrc
5 silly config load:file:/Users/tejaspatel/.npmrc
6 silly config load:file:/usr/local/etc/npmrc
7 verbose title npm install resend
8 verbose argv "install" "resend"
9 verbose logfile logs-max:10 dir:/Users/tejaspatel/Himani Joshi/npm-cache/_logs/2026-02-05T08_46_33_387Z-
10 verbose logfile /Users/tejaspatel/Himani Joshi/npm-cache/_logs/2026-02-05T08_46_33_387Z-debug-0.log
11 silly logfile start cleaning logs, removing 1 files
12 silly packumentCache heap:4496293888 maxSize:1124073472 maxEntrySize:562036736
13 silly logfile done cleaning log files
14 silly idealTree buildDeps
15 silly fetch manifest resend@*
16 silly packumentCache full:https://registry.npmjs.org/resend cache-miss
17 http fetch GET 200 https://registry.npmjs.org/resend 547ms (cache miss)
18 silly packumentCache full:https://registry.npmjs.org/resend set size:undefined disposed:false
19 silly fetch manifest @react-email/render@*
20 silly packumentCache full:https://registry.npmjs.org/@react-email%2frender cache-miss
21 http fetch GET 200 https://registry.npmjs.org/@react-email%2frender 514ms (cache miss)
22 silly packumentCache full:https://registry.npmjs.org/@react-email%2frender set size:undefined disposed:false
23 silly fetch manifest react@19.2.3
24 silly packumentCache full:https://registry.npmjs.org/react cache-miss
25 http fetch GET 200 https://registry.npmjs.org/react 165ms (cache updated)
26 silly packumentCache full:https://registry.npmjs.org/react set size:undefined disposed:false
27 silly fetch manifest react-dom@19.2.3
28 silly packumentCache full:https://registry.npmjs.org/react-dom cache-miss
29 http fetch GET 200 https://registry.npmjs.org/react-dom 157ms (cache updated)
30 silly packumentCache full:https://registry.npmjs.org/react-dom set size:undefined disposed:false
31 silly placeDep ROOT resend@6.9.1 OK for: himani-web@0.1.0 want: *
32 silly fetch manifest mailparser@3.9.1
33 silly packumentCache full:https://registry.npmjs.org/mailparser cache-miss
34 silly fetch manifest svix@1.84.1
35 silly packumentCache full:https://registry.npmjs.org/svix cache-miss
36 http fetch GET 200 https://registry.npmjs.org/svix 250ms (cache miss)
37 silly packumentCache full:https://registry.npmjs.org/svix set size:undefined disposed:false
38 http fetch GET 200 https://registry.npmjs.org/mailparser 452ms (cache miss)
39 silly packumentCache full:https://registry.npmjs.org/mailparser set size:undefined disposed:false
40 silly placeDep ROOT mailparser@3.9.1 OK for: resend@6.9.1 want: 3.9.1
41 silly placeDep ROOT svix@1.84.1 OK for: resend@6.9.1 want: 1.84.1
42 silly fetch manifest he@1.2.0
43 silly packumentCache full:https://registry.npmjs.org/he cache-miss
44 silly fetch manifest tlds@1.261.0
45 silly packumentCache full:https://registry.npmjs.org/tlds cache-miss
46 silly fetch manifest libmime@5.3.7
47 silly packumentCache full:https://registry.npmjs.org/libmime cache-miss
48 silly fetch manifest iconv-lite@0.7.0
49 silly packumentCache full:https://registry.npmjs.org/iconv-lite cache-miss
50 silly fetch manifest linkify-it@5.0.0
51 silly packumentCache full:https://registry.npmjs.org/linkify-it cache-miss
52 silly fetch manifest nodemailer@7.0.11
53 silly packumentCache full:https://registry.npmjs.org/nodemailer cache-miss
54 silly fetch manifest punycode.js@2.3.1
55 silly packumentCache full:https://registry.npmjs.org/punycode.js cache-miss
56 silly fetch manifest html-to-text@9.0.5
57 silly packumentCache full:https://registry.npmjs.org/html-to-text cache-miss
58 silly fetch manifest encoding-japanese@2.2.0
59 silly packumentCache full:https://registry.npmjs.org/encoding-japanese cache-miss
60 http fetch GET 200 https://registry.npmjs.org/he 40ms (cache miss)
61 silly packumentCache full:https://registry.npmjs.org/he set size:undefined disposed:false
62 silly fetch manifest @zone-eu/mailsplit@5.4.8
63 silly packumentCache full:https://registry.npmjs.org/@zone-eu%2fmailsplit cache-miss
64 http fetch GET 200 https://registry.npmjs.org/tlds 50ms (cache miss)
65 silly packumentCache full:https://registry.npmjs.org/tlds set size:undefined disposed:false
66 silly fetch manifest standardwebhooks@1.0.0
67 silly packumentCache full:https://registry.npmjs.org/standardwebhooks cache-miss
68 http fetch GET 200 https://registry.npmjs.org/iconv-lite 221ms (cache miss)
69 silly packumentCache full:https://registry.npmjs.org/iconv-lite set size:undefined disposed:false
70 silly fetch manifest uuid@^10.0.0
71 silly packumentCache full:https://registry.npmjs.org/uuid cache-miss
72 http fetch GET 200 https://registry.npmjs.org/linkify-it 249ms (cache miss)
73 silly packumentCache full:https://registry.npmjs.org/linkify-it set size:undefined disposed:false
74 http fetch GET 200 https://registry.npmjs.org/libmime 251ms (cache miss)
75 silly packumentCache full:https://registry.npmjs.org/libmime set size:undefined disposed:false
76 http fetch GET 200 https://registry.npmjs.org/nodemailer 257ms (cache miss)
77 silly packumentCache full:https://registry.npmjs.org/nodemailer set size:undefined disposed:false
78 http fetch GET 200 https://registry.npmjs.org/encoding-japanese 259ms (cache miss)
79 silly packumentCache full:https://registry.npmjs.org/encoding-japanese set size:undefined disposed:false
80 http fetch GET 200 https://registry.npmjs.org/html-to-text 294ms (cache miss)
81 silly packumentCache full:https://registry.npmjs.org/html-to-text set size:undefined disposed:false
82 http fetch GET 200 https://registry.npmjs.org/uuid 74ms (cache miss)
83 silly packumentCache full:https://registry.npmjs.org/uuid set size:undefined disposed:false
84 http fetch GET 200 https://registry.npmjs.org/standardwebhooks 385ms (cache miss)
85 silly packumentCache full:https://registry.npmjs.org/standardwebhooks set size:undefined disposed:false
86 http fetch GET 200 https://registry.npmjs.org/@zone-eu%2fmailsplit 646ms (cache miss)
87 silly packumentCache full:https://registry.npmjs.org/@zone-eu%2fmailsplit set size:undefined disposed:false
88 http fetch GET 200 https://registry.npmjs.org/punycode.js 1229ms (cache miss)
89 silly packumentCache full:https://registry.npmjs.org/punycode.js set size:undefined disposed:false
90 silly placeDep ROOT @zone-eu/mailsplit@5.4.8 OK for: mailparser@3.9.1 want: 5.4.8
91 silly placeDep ROOT encoding-japanese@2.2.0 OK for: mailparser@3.9.1 want: 2.2.0
92 silly placeDep ROOT he@1.2.0 OK for: mailparser@3.9.1 want: 1.2.0
93 silly placeDep ROOT html-to-text@9.0.5 OK for: mailparser@3.9.1 want: 9.0.5
94 silly placeDep ROOT iconv-lite@0.7.0 OK for: mailparser@3.9.1 want: 0.7.0
95 silly placeDep ROOT libmime@5.3.7 OK for: mailparser@3.9.1 want: 5.3.7
96 silly placeDep ROOT linkify-it@5.0.0 OK for: mailparser@3.9.1 want: 5.0.0
97 silly placeDep ROOT nodemailer@7.0.11 OK for: mailparser@3.9.1 want: 7.0.11
98 silly placeDep ROOT punycode.js@2.3.1 OK for: mailparser@3.9.1 want: 2.3.1
99 silly placeDep ROOT tlds@1.261.0 OK for: mailparser@3.9.1 want: 1.261.0
100 silly fetch manifest libbase64@1.3.0
101 silly packumentCache full:https://registry.npmjs.org/libbase64 cache-miss
102 silly fetch manifest libqp@2.1.1
103 silly packumentCache full:https://registry.npmjs.org/libqp cache-miss
104 silly fetch manifest @selderee/plugin-htmlparser2@^0.11.0
105 silly packumentCache full:https://registry.npmjs.org/@selderee%2fplugin-htmlparser2 cache-miss
106 silly fetch manifest deepmerge@^4.3.1
107 silly packumentCache full:https://registry.npmjs.org/deepmerge cache-miss
108 silly fetch manifest dom-serializer@^2.0.0
109 silly packumentCache full:https://registry.npmjs.org/dom-serializer cache-miss
110 silly fetch manifest htmlparser2@^8.0.2
111 silly packumentCache full:https://registry.npmjs.org/htmlparser2 cache-miss
112 silly fetch manifest selderee@^0.11.0
113 silly packumentCache full:https://registry.npmjs.org/selderee cache-miss
114 silly fetch manifest safer-buffer@>= 2.1.2 < 3.0.0
115 silly packumentCache full:https://registry.npmjs.org/safer-buffer cache-miss
116 silly fetch manifest iconv-lite@0.6.3
117 silly packumentCache full:https://registry.npmjs.org/iconv-lite cache-miss
118 http cache https://registry.npmjs.org/iconv-lite 4ms (cache hit)
119 silly packumentCache full:https://registry.npmjs.org/iconv-lite set size:120557 disposed:false
120 silly fetch manifest libbase64@1.3.0
121 silly packumentCache full:https://registry.npmjs.org/libbase64 cache-miss
122 http fetch GET 200 https://registry.npmjs.org/selderee 42ms (cache miss)
123 silly packumentCache full:https://registry.npmjs.org/selderee set size:undefined disposed:false
124 silly fetch manifest libqp@2.1.1
125 silly packumentCache full:https://registry.npmjs.org/libqp cache-miss
126 http fetch GET 200 https://registry.npmjs.org/safer-buffer 51ms (cache miss)
127 silly packumentCache full:https://registry.npmjs.org/safer-buffer set size:undefined disposed:false
128 silly fetch manifest uc.micro@^2.0.0
129 silly packumentCache full:https://registry.npmjs.org/uc.micro cache-miss
130 http fetch GET 200 https://registry.npmjs.org/dom-serializer 53ms (cache miss)
131 silly packumentCache full:https://registry.npmjs.org/dom-serializer set size:undefined disposed:false
132 http fetch GET 200 https://registry.npmjs.org/deepmerge 54ms (cache miss)
133 silly packumentCache full:https://registry.npmjs.org/deepmerge set size:undefined disposed:false
134 http fetch GET 200 https://registry.npmjs.org/htmlparser2 61ms (cache miss)
135 silly packumentCache full:https://registry.npmjs.org/htmlparser2 set size:undefined disposed:false
136 http fetch GET 200 https://registry.npmjs.org/@selderee%2fplugin-htmlparser2 89ms (cache miss)
137 silly packumentCache full:https://registry.npmjs.org/@selderee%2fplugin-htmlparser2 set size:undefined disposed:false
138 http fetch GET 200 https://registry.npmjs.org/uc.micro 47ms (cache miss)
139 silly packumentCache full:https://registry.npmjs.org/uc.micro set size:undefined disposed:false
140 http fetch GET 200 https://registry.npmjs.org/libbase64 388ms (cache miss)
141 silly packumentCache full:https://registry.npmjs.org/libbase64 set size:undefined disposed:false
142 http fetch GET 200 https://registry.npmjs.org/libbase64 384ms (cache miss)
143 silly packumentCache full:https://registry.npmjs.org/libbase64 set size:undefined disposed:false
144 http fetch GET 200 https://registry.npmjs.org/libqp 350ms (cache miss)
145 silly packumentCache full:https://registry.npmjs.org/libqp set size:undefined disposed:false
146 http fetch GET 200 https://registry.npmjs.org/libqp 394ms (cache miss)
147 silly packumentCache full:https://registry.npmjs.org/libqp set size:undefined disposed:false
148 silly placeDep ROOT libbase64@1.3.0 OK for: @zone-eu/mailsplit@5.4.8 want: 1.3.0
149 silly placeDep ROOT libqp@2.1.1 OK for: @zone-eu/mailsplit@5.4.8 want: 2.1.1
150 silly placeDep ROOT @selderee/plugin-htmlparser2@0.11.0 OK for: html-to-text@9.0.5 want: ^0.11.0
151 silly placeDep ROOT deepmerge@4.3.1 OK for: html-to-text@9.0.5 want: ^4.3.1
152 silly placeDep ROOT dom-serializer@2.0.0 OK for: html-to-text@9.0.5 want: ^2.0.0
153 silly placeDep ROOT htmlparser2@8.0.2 OK for: html-to-text@9.0.5 want: ^8.0.2
154 silly placeDep ROOT selderee@0.11.0 OK for: html-to-text@9.0.5 want: ^0.11.0
155 silly fetch manifest domhandler@^5.0.3
156 silly packumentCache full:https://registry.npmjs.org/domhandler cache-miss
157 silly fetch manifest domelementtype@^2.3.0
158 silly packumentCache full:https://registry.npmjs.org/domelementtype cache-miss
159 silly fetch manifest domhandler@^5.0.2
160 silly packumentCache full:https://registry.npmjs.org/domhandler cache-miss
161 silly fetch manifest entities@^4.2.0
162 silly packumentCache full:https://registry.npmjs.org/entities cache-miss
163 silly fetch manifest domutils@^3.0.1
164 silly packumentCache full:https://registry.npmjs.org/domutils cache-miss
165 silly fetch manifest entities@^4.4.0
166 silly packumentCache full:https://registry.npmjs.org/entities cache-miss
167 silly fetch manifest domhandler@^5.0.3
168 silly packumentCache full:https://registry.npmjs.org/domhandler cache-miss
169 silly fetch manifest domelementtype@^2.3.0
170 silly packumentCache full:https://registry.npmjs.org/domelementtype cache-miss
171 silly fetch manifest parseley@^0.12.0
172 silly packumentCache full:https://registry.npmjs.org/parseley cache-miss
173 http fetch GET 200 https://registry.npmjs.org/domhandler 98ms (cache miss)
174 silly packumentCache full:https://registry.npmjs.org/domhandler set size:undefined disposed:false
175 http fetch GET 200 https://registry.npmjs.org/domhandler 100ms (cache miss)
176 silly packumentCache full:https://registry.npmjs.org/domhandler set size:undefined disposed:false
177 http fetch GET 200 https://registry.npmjs.org/domelementtype 169ms (cache miss)
178 silly packumentCache full:https://registry.npmjs.org/domelementtype set size:undefined disposed:false
179 http fetch GET 200 https://registry.npmjs.org/domhandler 180ms (cache miss)
180 silly packumentCache full:https://registry.npmjs.org/domhandler set size:undefined disposed:false
181 http fetch GET 200 https://registry.npmjs.org/domutils 218ms (cache miss)
182 silly packumentCache full:https://registry.npmjs.org/domutils set size:undefined disposed:false
183 http fetch GET 200 https://registry.npmjs.org/entities 339ms (cache miss)
184 silly packumentCache full:https://registry.npmjs.org/entities set size:undefined disposed:false
185 http fetch GET 200 https://registry.npmjs.org/domelementtype 385ms (cache miss)
186 silly packumentCache full:https://registry.npmjs.org/domelementtype set size:undefined disposed:false
187 http fetch GET 200 https://registry.npmjs.org/entities 445ms (cache miss)
188 silly packumentCache full:https://registry.npmjs.org/entities set size:undefined disposed:false
189 http fetch GET 200 https://registry.npmjs.org/parseley 445ms (cache miss)
190 silly packumentCache full:https://registry.npmjs.org/parseley set size:undefined disposed:false
191 silly placeDep ROOT domhandler@5.0.3 OK for: @selderee/plugin-htmlparser2@0.11.0 want: ^5.0.3
192 silly placeDep ROOT domelementtype@2.3.0 OK for: dom-serializer@2.0.0 want: ^2.3.0
193 silly placeDep ROOT entities@4.5.0 OK for: dom-serializer@2.0.0 want: ^4.2.0
194 silly placeDep ROOT domutils@3.2.2 OK for: htmlparser2@8.0.2 want: ^3.0.1
195 silly placeDep ROOT safer-buffer@2.1.2 OK for: iconv-lite@0.7.0 want: >= 2.1.2 < 3.0.0
196 silly placeDep node_modules/libmime iconv-lite@0.6.3 OK for: libmime@5.3.7 want: 0.6.3
197 silly placeDep ROOT uc.micro@2.1.0 OK for: linkify-it@5.0.0 want: ^2.0.0
198 silly placeDep ROOT parseley@0.12.1 OK for: selderee@0.11.0 want: ^0.12.0
199 silly fetch manifest leac@^0.6.0
200 silly packumentCache full:https://registry.npmjs.org/leac cache-miss
201 silly fetch manifest peberminta@^0.9.0
202 silly packumentCache full:https://registry.npmjs.org/peberminta cache-miss
203 http fetch GET 200 https://registry.npmjs.org/peberminta 44ms (cache miss)
204 silly packumentCache full:https://registry.npmjs.org/peberminta set size:undefined disposed:false
205 http fetch GET 200 https://registry.npmjs.org/leac 45ms (cache miss)
206 silly packumentCache full:https://registry.npmjs.org/leac set size:undefined disposed:false
207 silly placeDep ROOT leac@0.6.0 OK for: parseley@0.12.1 want: ^0.6.0
208 silly placeDep ROOT peberminta@0.9.0 OK for: parseley@0.12.1 want: ^0.9.0
209 silly placeDep ROOT standardwebhooks@1.0.0 OK for: svix@1.84.1 want: 1.0.0
210 silly placeDep ROOT uuid@10.0.0 OK for: svix@1.84.1 want: ^10.0.0
211 silly fetch manifest @stablelib/base64@^1.0.0
212 silly packumentCache full:https://registry.npmjs.org/@stablelib%2fbase64 cache-miss
213 silly fetch manifest fast-sha256@^1.3.0
214 silly packumentCache full:https://registry.npmjs.org/fast-sha256 cache-miss
215 http fetch GET 200 https://registry.npmjs.org/fast-sha256 1074ms (cache miss)
216 silly packumentCache full:https://registry.npmjs.org/fast-sha256 set size:undefined disposed:false
217 http fetch GET 200 https://registry.npmjs.org/@stablelib%2fbase64 1178ms (cache miss)
218 silly packumentCache full:https://registry.npmjs.org/@stablelib%2fbase64 set size:undefined disposed:false
219 silly placeDep ROOT @stablelib/base64@1.0.1 OK for: standardwebhooks@1.0.0 want: ^1.0.0
220 silly placeDep ROOT fast-sha256@1.3.0 OK for: standardwebhooks@1.0.0 want: ^1.3.0
221 silly reify moves {}
222 silly audit bulk request {
222 silly audit   '@alloc/quick-lru': [ '5.2.0' ],
222 silly audit   '@babel/code-frame': [ '7.29.0' ],
222 silly audit   '@babel/compat-data': [ '7.29.0' ],
222 silly audit   '@babel/core': [ '7.29.0' ],
222 silly audit   '@babel/generator': [ '7.29.0' ],
222 silly audit   '@babel/helper-compilation-targets': [ '7.28.6' ],
222 silly audit   '@babel/helper-globals': [ '7.28.0' ],
222 silly audit   '@babel/helper-module-imports': [ '7.28.6' ],
222 silly audit   '@babel/helper-module-transforms': [ '7.28.6' ],
222 silly audit   '@babel/helper-string-parser': [ '7.27.1' ],
222 silly audit   '@babel/helper-validator-identifier': [ '7.28.5' ],
222 silly audit   '@babel/helper-validator-option': [ '7.27.1' ],
222 silly audit   '@babel/helpers': [ '7.28.6' ],
222 silly audit   '@babel/parser': [ '7.29.0' ],
222 silly audit   '@babel/template': [ '7.28.6' ],
222 silly audit   '@babel/traverse': [ '7.29.0' ],
222 silly audit   '@babel/types': [ '7.29.0' ],
222 silly audit   '@emnapi/core': [ '1.8.1' ],
222 silly audit   '@emnapi/runtime': [ '1.8.1' ],
222 silly audit   '@emnapi/wasi-threads': [ '1.1.0' ],
222 silly audit   '@eslint-community/eslint-utils': [ '4.9.1' ],
222 silly audit   'eslint-visitor-keys': [ '3.4.3', '4.2.1' ],
222 silly audit   '@eslint-community/regexpp': [ '4.12.2' ],
222 silly audit   '@eslint/config-array': [ '0.21.1' ],
222 silly audit   '@eslint/config-helpers': [ '0.4.2' ],
222 silly audit   '@eslint/core': [ '0.17.0' ],
222 silly audit   '@eslint/eslintrc': [ '3.3.3' ],
222 silly audit   '@eslint/js': [ '9.39.2' ],
222 silly audit   '@eslint/object-schema': [ '2.1.7' ],
222 silly audit   '@eslint/plugin-kit': [ '0.4.1' ],
222 silly audit   '@humanfs/core': [ '0.19.1' ],
222 silly audit   '@humanfs/node': [ '0.16.7' ],
222 silly audit   '@humanwhocodes/module-importer': [ '1.0.1' ],
222 silly audit   '@humanwhocodes/retry': [ '0.4.3' ],
222 silly audit   '@img/colour': [ '1.0.0' ],
222 silly audit   '@img/sharp-darwin-arm64': [ '0.34.5' ],
222 silly audit   '@img/sharp-darwin-x64': [ '0.34.5' ],
222 silly audit   '@img/sharp-libvips-darwin-arm64': [ '1.2.4' ],
222 silly audit   '@img/sharp-libvips-darwin-x64': [ '1.2.4' ],
222 silly audit   '@img/sharp-libvips-linux-arm': [ '1.2.4' ],
222 silly audit   '@img/sharp-libvips-linux-arm64': [ '1.2.4' ],
222 silly audit   '@img/sharp-libvips-linux-ppc64': [ '1.2.4' ],
222 silly audit   '@img/sharp-libvips-linux-riscv64': [ '1.2.4' ],
222 silly audit   '@img/sharp-libvips-linux-s390x': [ '1.2.4' ],
222 silly audit   '@img/sharp-libvips-linux-x64': [ '1.2.4' ],
222 silly audit   '@img/sharp-libvips-linuxmusl-arm64': [ '1.2.4' ],
222 silly audit   '@img/sharp-libvips-linuxmusl-x64': [ '1.2.4' ],
222 silly audit   '@img/sharp-linux-arm': [ '0.34.5' ],
222 silly audit   '@img/sharp-linux-arm64': [ '0.34.5' ],
222 silly audit   '@img/sharp-linux-ppc64': [ '0.34.5' ],
222 silly audit   '@img/sharp-linux-riscv64': [ '0.34.5' ],
222 silly audit   '@img/sharp-linux-s390x': [ '0.34.5' ],
222 silly audit   '@img/sharp-linux-x64': [ '0.34.5' ],
222 silly audit   '@img/sharp-linuxmusl-arm64': [ '0.34.5' ],
222 silly audit   '@img/sharp-linuxmusl-x64': [ '0.34.5' ],
222 silly audit   '@img/sharp-wasm32': [ '0.34.5' ],
222 silly audit   '@img/sharp-win32-arm64': [ '0.34.5' ],
222 silly audit   '@img/sharp-win32-ia32': [ '0.34.5' ],
222 silly audit   '@img/sharp-win32-x64': [ '0.34.5' ],
222 silly audit   '@jridgewell/gen-mapping': [ '0.3.13' ],
222 silly audit   '@jridgewell/remapping': [ '2.3.5' ],
222 silly audit   '@jridgewell/resolve-uri': [ '3.1.2' ],
222 silly audit   '@jridgewell/sourcemap-codec': [ '1.5.5' ],
222 silly audit   '@jridgewell/trace-mapping': [ '0.3.31' ],
222 silly audit   '@napi-rs/wasm-runtime': [ '0.2.12' ],
222 silly audit   '@next/env': [ '16.1.6' ],
222 silly audit   '@next/eslint-plugin-next': [ '16.1.6' ],
222 silly audit   '@next/swc-darwin-arm64': [ '16.1.6' ],
222 silly audit   '@next/swc-darwin-x64': [ '16.1.6' ],
222 silly audit   '@next/swc-linux-arm64-gnu': [ '16.1.6' ],
222 silly audit   '@next/swc-linux-arm64-musl': [ '16.1.6' ],
222 silly audit   '@next/swc-linux-x64-gnu': [ '16.1.6' ],
222 silly audit   '@next/swc-linux-x64-musl': [ '16.1.6' ],
222 silly audit   '@next/swc-win32-arm64-msvc': [ '16.1.6' ],
222 silly audit   '@next/swc-win32-x64-msvc': [ '16.1.6' ],
222 silly audit   '@nodelib/fs.scandir': [ '2.1.5' ],
222 silly audit   '@nodelib/fs.stat': [ '2.0.5' ],
222 silly audit   '@nodelib/fs.walk': [ '1.2.8' ],
222 silly audit   '@nolyfill/is-core-module': [ '1.0.39' ],
222 silly audit   '@rtsao/scc': [ '1.1.0' ],
222 silly audit   '@swc/helpers': [ '0.5.15' ],
222 silly audit   '@tailwindcss/node': [ '4.1.18' ],
222 silly audit   '@tailwindcss/oxide': [ '4.1.18' ],
222 silly audit   '@tailwindcss/oxide-android-arm64': [ '4.1.18' ],
222 silly audit   '@tailwindcss/oxide-darwin-arm64': [ '4.1.18' ],
222 silly audit   '@tailwindcss/oxide-darwin-x64': [ '4.1.18' ],
222 silly audit   '@tailwindcss/oxide-freebsd-x64': [ '4.1.18' ],
222 silly audit   '@tailwindcss/oxide-linux-arm-gnueabihf': [ '4.1.18' ],
222 silly audit   '@tailwindcss/oxide-linux-arm64-gnu': [ '4.1.18' ],
222 silly audit   '@tailwindcss/oxide-linux-arm64-musl': [ '4.1.18' ],
222 silly audit   '@tailwindcss/oxide-linux-x64-gnu': [ '4.1.18' ],
222 silly audit   '@tailwindcss/oxide-linux-x64-musl': [ '4.1.18' ],
222 silly audit   '@tailwindcss/oxide-wasm32-wasi': [ '4.1.18' ],
222 silly audit   '@tailwindcss/oxide-win32-arm64-msvc': [ '4.1.18' ],
222 silly audit   '@tailwindcss/oxide-win32-x64-msvc': [ '4.1.18' ],
222 silly audit   '@tailwindcss/postcss': [ '4.1.18' ],
222 silly audit   '@tybys/wasm-util': [ '0.10.1' ],
222 silly audit   '@types/estree': [ '1.0.8' ],
222 silly audit   '@types/json-schema': [ '7.0.15' ],
222 silly audit   '@types/json5': [ '0.0.29' ],
222 silly audit   '@types/node': [ '20.19.30' ],
222 silly audit   '@types/react': [ '19.2.10' ],
222 silly audit   '@types/react-dom': [ '19.2.3' ],
222 silly audit   '@typescript-eslint/eslint-plugin': [ '8.54.0' ],
222 silly audit   ignore: [ '7.0.5', '5.3.2' ],
222 silly audit   '@typescript-eslint/parser': [ '8.54.0' ],
222 silly audit   '@typescript-eslint/project-service': [ '8.54.0' ],
222 silly audit   '@typescript-eslint/scope-manager': [ '8.54.0' ],
222 silly audit   '@typescript-eslint/tsconfig-utils': [ '8.54.0' ],
222 silly audit   '@typescript-eslint/type-utils': [ '8.54.0' ],
222 silly audit   '@typescript-eslint/types': [ '8.54.0' ],
222 silly audit   '@typescript-eslint/typescript-estree': [ '8.54.0' ],
222 silly audit   'brace-expansion': [ '2.0.2', '1.1.12' ],
222 silly audit   minimatch: [ '9.0.5', '3.1.2' ],
222 silly audit   semver: [ '7.7.3', '6.3.1' ],
222 silly audit   '@typescript-eslint/utils': [ '8.54.0' ],
222 silly audit   '@typescript-eslint/visitor-keys': [ '8.54.0' ],
222 silly audit   '@unrs/resolver-binding-android-arm-eabi': [ '1.11.1' ],
222 silly audit   '@unrs/resolver-binding-android-arm64': [ '1.11.1' ],
222 silly audit   '@unrs/resolver-binding-darwin-arm64': [ '1.11.1' ],
222 silly audit   '@unrs/resolver-binding-darwin-x64': [ '1.11.1' ],
222 silly audit   '@unrs/resolver-binding-freebsd-x64': [ '1.11.1' ],
222 silly audit   '@unrs/resolver-binding-linux-arm-gnueabihf': [ '1.11.1' ],
222 silly audit   '@unrs/resolver-binding-linux-arm-musleabihf': [ '1.11.1' ],
222 silly audit   '@unrs/resolver-binding-linux-arm64-gnu': [ '1.11.1' ],
222 silly audit   '@unrs/resolver-binding-linux-arm64-musl': [ '1.11.1' ],
222 silly audit   '@unrs/resolver-binding-linux-ppc64-gnu': [ '1.11.1' ],
222 silly audit   '@unrs/resolver-binding-linux-riscv64-gnu': [ '1.11.1' ],
222 silly audit   '@unrs/resolver-binding-linux-riscv64-musl': [ '1.11.1' ],
222 silly audit   '@unrs/resolver-binding-linux-s390x-gnu': [ '1.11.1' ],
222 silly audit   '@unrs/resolver-binding-linux-x64-gnu': [ '1.11.1' ],
222 silly audit   '@unrs/resolver-binding-linux-x64-musl': [ '1.11.1' ],
222 silly audit   '@unrs/resolver-binding-wasm32-wasi': [ '1.11.1' ],
222 silly audit   '@unrs/resolver-binding-win32-arm64-msvc': [ '1.11.1' ],
222 silly audit   '@unrs/resolver-binding-win32-ia32-msvc': [ '1.11.1' ],
222 silly audit   '@unrs/resolver-binding-win32-x64-msvc': [ '1.11.1' ],
222 silly audit   acorn: [ '8.15.0' ],
222 silly audit   'acorn-jsx': [ '5.3.2' ],
222 silly audit   ajv: [ '6.12.6' ],
222 silly audit   'ansi-styles': [ '4.3.0' ],
222 silly audit   argparse: [ '2.0.1' ],
222 silly audit   'aria-query': [ '5.3.2' ],
222 silly audit   'array-buffer-byte-length': [ '1.0.2' ],
222 silly audit   'array-includes': [ '3.1.9' ],
222 silly audit   'array.prototype.findlast': [ '1.2.5' ],
222 silly audit   'array.prototype.findlastindex': [ '1.2.6' ],
222 silly audit   'array.prototype.flat': [ '1.3.3' ],
222 silly audit   'array.prototype.flatmap': [ '1.3.3' ],
222 silly audit   'array.prototype.tosorted': [ '1.1.4' ],
222 silly audit   'arraybuffer.prototype.slice': [ '1.0.4' ],
222 silly audit   'ast-types-flow': [ '0.0.8' ],
222 silly audit   'async-function': [ '1.0.0' ],
222 silly audit   'available-typed-arrays': [ '1.0.7' ],
222 silly audit   'axe-core': [ '4.11.1' ],
222 silly audit   'axobject-query': [ '4.1.0' ],
222 silly audit   'balanced-match': [ '1.0.2' ],
222 silly audit   'baseline-browser-mapping': [ '2.9.19' ],
222 silly audit   braces: [ '3.0.3' ],
222 silly audit   browserslist: [ '4.28.1' ],
222 silly audit   'call-bind': [ '1.0.8' ],
222 silly audit   'call-bind-apply-helpers': [ '1.0.2' ],
222 silly audit   'call-bound': [ '1.0.4' ],
222 silly audit   callsites: [ '3.1.0' ],
222 silly audit   'caniuse-lite': [ '1.0.30001767' ],
222 silly audit   chalk: [ '4.1.2' ],
222 silly audit   'client-only': [ '0.0.1' ],
222 silly audit   clsx: [ '2.1.1' ],
222 silly audit   'color-convert': [ '2.0.1' ],
222 silly audit   'color-name': [ '1.1.4' ],
222 silly audit   'concat-map': [ '0.0.1' ],
222 silly audit   'convert-source-map': [ '2.0.0' ],
222 silly audit   'cross-spawn': [ '7.0.6' ],
222 silly audit   csstype: [ '3.2.3' ],
222 silly audit   'damerau-levenshtein': [ '1.0.8' ],
222 silly audit   'data-view-buffer': [ '1.0.2' ],
222 silly audit   'data-view-byte-length': [ '1.0.2' ],
222 silly audit   'data-view-byte-offset': [ '1.0.1' ],
222 silly audit   debug: [ '4.4.3', '3.2.7' ],
222 silly audit   'deep-is': [ '0.1.4' ],
222 silly audit   'define-data-property': [ '1.1.4' ],
222 silly audit   'define-properties': [ '1.2.1' ],
222 silly audit   'detect-libc': [ '2.1.2' ],
222 silly audit   doctrine: [ '2.1.0' ],
222 silly audit   'dunder-proto': [ '1.0.1' ],
222 silly audit   'electron-to-chromium': [ '1.5.283' ],
222 silly audit   'emoji-regex': [ '9.2.2' ],
222 silly audit   'enhanced-resolve': [ '5.18.4' ],
222 silly audit   'es-abstract': [ '1.24.1' ],
222 silly audit   'es-define-property': [ '1.0.1' ],
222 silly audit   'es-errors': [ '1.3.0' ],
222 silly audit   'es-iterator-helpers': [ '1.2.2' ],
222 silly audit   'es-object-atoms': [ '1.1.1' ],
222 silly audit   'es-set-tostringtag': [ '2.1.0' ],
222 silly audit   'es-shim-unscopables': [ '1.1.0' ],
222 silly audit   'es-to-primitive': [ '1.3.0' ],
222 silly audit   escalade: [ '3.2.0' ],
222 silly audit   'escape-string-regexp': [ '4.0.0' ],
222 silly audit   eslint: [ '9.39.2' ],
222 silly audit   'eslint-config-next': [ '16.1.6' ],
222 silly audit   globals: [ '16.4.0', '14.0.0' ],
222 silly audit   'eslint-import-resolver-node': [ '0.3.9' ],
222 silly audit   'eslint-import-resolver-typescript': [ '3.10.1' ],
222 silly audit   'eslint-module-utils': [ '2.12.1' ],
222 silly audit   'eslint-plugin-import': [ '2.32.0' ],
222 silly audit   'eslint-plugin-jsx-a11y': [ '6.10.2' ],
222 silly audit   'eslint-plugin-react': [ '7.37.5' ],
222 silly audit   'eslint-plugin-react-hooks': [ '7.0.1' ],
222 silly audit   resolve: [ '2.0.0-next.5', '1.22.11' ],
222 silly audit   'eslint-scope': [ '8.4.0' ],
222 silly audit   espree: [ '10.4.0' ],
222 silly audit   esquery: [ '1.7.0' ],
222 silly audit   esrecurse: [ '4.3.0' ],
222 silly audit   estraverse: [ '5.3.0' ],
222 silly audit   esutils: [ '2.0.3' ],
222 silly audit   'fast-deep-equal': [ '3.1.3' ],
222 silly audit   'fast-glob': [ '3.3.1' ],
222 silly audit   'glob-parent': [ '5.1.2', '6.0.2' ],
222 silly audit   'fast-json-stable-stringify': [ '2.1.0' ],
222 silly audit   'fast-levenshtein': [ '2.0.6' ],
222 silly audit   fastq: [ '1.20.1' ],
222 silly audit   'file-entry-cache': [ '8.0.0' ],
222 silly audit   'fill-range': [ '7.1.1' ],
222 silly audit   'find-up': [ '5.0.0' ],
222 silly audit   'flat-cache': [ '4.0.1' ],
222 silly audit   flatted: [ '3.3.3' ],
222 silly audit   'for-each': [ '0.3.5' ],
222 silly audit   'framer-motion': [ '12.30.0' ],
222 silly audit   'function-bind': [ '1.1.2' ],
222 silly audit   'function.prototype.name': [ '1.1.8' ],
222 silly audit   'functions-have-names': [ '1.2.3' ],
222 silly audit   'generator-function': [ '2.0.1' ],
222 silly audit   gensync: [ '1.0.0-beta.2' ],
222 silly audit   'get-intrinsic': [ '1.3.0' ],
222 silly audit   'get-proto': [ '1.0.1' ],
222 silly audit   'get-symbol-description': [ '1.1.0' ],
222 silly audit   'get-tsconfig': [ '4.13.1' ],
222 silly audit   globalthis: [ '1.0.4' ],
222 silly audit   gopd: [ '1.2.0' ],
222 silly audit   'graceful-fs': [ '4.2.11' ],
222 silly audit   'has-bigints': [ '1.1.0' ],
222 silly audit   'has-flag': [ '4.0.0' ],
222 silly audit   'has-property-descriptors': [ '1.0.2' ],
222 silly audit   'has-proto': [ '1.2.0' ],
222 silly audit   'has-symbols': [ '1.1.0' ],
222 silly audit   'has-tostringtag': [ '1.0.2' ],
222 silly audit   hasown: [ '2.0.2' ],
222 silly audit   'hermes-estree': [ '0.25.1' ],
222 silly audit   'hermes-parser': [ '0.25.1' ],
222 silly audit   'import-fresh': [ '3.3.1' ],
222 silly audit   imurmurhash: [ '0.1.4' ],
222 silly audit   'internal-slot': [ '1.1.0' ],
222 silly audit   'is-array-buffer': [ '3.0.5' ],
222 silly audit   'is-async-function': [ '2.1.1' ],
222 silly audit   'is-bigint': [ '1.1.0' ],
222 silly audit   'is-boolean-object': [ '1.2.2' ],
222 silly audit   'is-bun-module': [ '2.0.0' ],
222 silly audit   'is-callable': [ '1.2.7' ],
222 silly audit   'is-core-module': [ '2.16.1' ],
222 silly audit   'is-data-view': [ '1.0.2' ],
222 silly audit   'is-date-object': [ '1.1.0' ],
222 silly audit   'is-extglob': [ '2.1.1' ],
222 silly audit   'is-finalizationregistry': [ '1.1.1' ],
222 silly audit   'is-generator-function': [ '1.1.2' ],
222 silly audit   'is-glob': [ '4.0.3' ],
222 silly audit   'is-map': [ '2.0.3' ],
222 silly audit   'is-negative-zero': [ '2.0.3' ],
222 silly audit   'is-number': [ '7.0.0' ],
222 silly audit   'is-number-object': [ '1.1.1' ],
222 silly audit   'is-regex': [ '1.2.1' ],
222 silly audit   'is-set': [ '2.0.3' ],
222 silly audit   'is-shared-array-buffer': [ '1.0.4' ],
222 silly audit   'is-string': [ '1.1.1' ],
222 silly audit   'is-symbol': [ '1.1.1' ],
222 silly audit   'is-typed-array': [ '1.1.15' ],
222 silly audit   'is-weakmap': [ '2.0.2' ],
222 silly audit   'is-weakref': [ '1.1.1' ],
222 silly audit   'is-weakset': [ '2.0.4' ],
222 silly audit   isarray: [ '2.0.5' ],
222 silly audit   isexe: [ '2.0.0' ],
222 silly audit   'iterator.prototype': [ '1.1.5' ],
222 silly audit   jiti: [ '2.6.1' ],
222 silly audit   'js-tokens': [ '4.0.0' ],
222 silly audit   'js-yaml': [ '4.1.1' ],
222 silly audit   jsesc: [ '3.1.0' ],
222 silly audit   'json-buffer': [ '3.0.1' ],
222 silly audit   'json-schema-traverse': [ '0.4.1' ],
222 silly audit   'json-stable-stringify-without-jsonify': [ '1.0.1' ],
222 silly audit   json5: [ '2.2.3', '1.0.2' ],
222 silly audit   'jsx-ast-utils': [ '3.3.5' ],
222 silly audit   keyv: [ '4.5.4' ],
222 silly audit   'language-subtag-registry': [ '0.3.23' ],
222 silly audit   'language-tags': [ '1.0.9' ],
222 silly audit   levn: [ '0.4.1' ],
222 silly audit   lightningcss: [ '1.30.2' ],
222 silly audit   'lightningcss-android-arm64': [ '1.30.2' ],
222 silly audit   'lightningcss-darwin-arm64': [ '1.30.2' ],
222 silly audit   'lightningcss-darwin-x64': [ '1.30.2' ],
222 silly audit   'lightningcss-freebsd-x64': [ '1.30.2' ],
222 silly audit   'lightningcss-linux-arm-gnueabihf': [ '1.30.2' ],
222 silly audit   'lightningcss-linux-arm64-gnu': [ '1.30.2' ],
222 silly audit   'lightningcss-linux-arm64-musl': [ '1.30.2' ],
222 silly audit   'lightningcss-linux-x64-gnu': [ '1.30.2' ],
222 silly audit   'lightningcss-linux-x64-musl': [ '1.30.2' ],
222 silly audit   'lightningcss-win32-arm64-msvc': [ '1.30.2' ],
222 silly audit   'lightningcss-win32-x64-msvc': [ '1.30.2' ],
222 silly audit   'locate-path': [ '6.0.0' ],
222 silly audit   'lodash.merge': [ '4.6.2' ],
222 silly audit   'loose-envify': [ '1.4.0' ],
222 silly audit   'lru-cache': [ '5.1.1' ],
222 silly audit   'lucide-react': [ '0.563.0' ],
222 silly audit   'magic-string': [ '0.30.21' ],
222 silly audit   'math-intrinsics': [ '1.1.0' ],
222 silly audit   merge2: [ '1.4.1' ],
222 silly audit   micromatch: [ '4.0.8' ],
222 silly audit   minimist: [ '1.2.8' ],
222 silly audit   'motion-dom': [ '12.30.0' ],
222 silly audit   'motion-utils': [ '12.29.2' ],
222 silly audit   ms: [ '2.1.3' ],
222 silly audit   nanoid: [ '3.3.11' ],
222 silly audit   'napi-postinstall': [ '0.3.4' ],
222 silly audit   'natural-compare': [ '1.4.0' ],
222 silly audit   next: [ '16.1.6' ],
222 silly audit   postcss: [ '8.4.31', '8.5.6' ],
222 silly audit   'node-releases': [ '2.0.27' ],
222 silly audit   'object-assign': [ '4.1.1' ],
222 silly audit   'object-inspect': [ '1.13.4' ],
222 silly audit   'object-keys': [ '1.1.1' ],
222 silly audit   'object.assign': [ '4.1.7' ],
222 silly audit   'object.entries': [ '1.1.9' ],
222 silly audit   'object.fromentries': [ '2.0.8' ],
222 silly audit   'object.groupby': [ '1.0.3' ],
222 silly audit   'object.values': [ '1.2.1' ],
222 silly audit   optionator: [ '0.9.4' ],
222 silly audit   'own-keys': [ '1.0.1' ],
222 silly audit   'p-limit': [ '3.1.0' ],
222 silly audit   'p-locate': [ '5.0.0' ],
222 silly audit   'parent-module': [ '1.0.1' ],
222 silly audit   'path-exists': [ '4.0.0' ],
222 silly audit   'path-key': [ '3.1.1' ],
222 silly audit   'path-parse': [ '1.0.7' ],
222 silly audit   picocolors: [ '1.1.1' ],
222 silly audit   picomatch: [ '2.3.1', '4.0.3' ],
222 silly audit   'possible-typed-array-names': [ '1.1.0' ],
222 silly audit   'prelude-ls': [ '1.2.1' ],
222 silly audit   'prop-types': [ '15.8.1' ],
222 silly audit   punycode: [ '2.3.1' ],
222 silly audit   'queue-microtask': [ '1.2.3' ],
222 silly audit   react: [ '19.2.3' ],
222 silly audit   'react-dom': [ '19.2.3' ],
222 silly audit   'react-is': [ '16.13.1' ],
222 silly audit   'reflect.getprototypeof': [ '1.0.10' ],
222 silly audit   'regexp.prototype.flags': [ '1.5.4' ],
222 silly audit   'resolve-from': [ '4.0.0' ],
222 silly audit   'resolve-pkg-maps': [ '1.0.0' ],
222 silly audit   reusify: [ '1.1.0' ],
222 silly audit   'run-parallel': [ '1.2.0' ],
222 silly audit   'safe-array-concat': [ '1.1.3' ],
222 silly audit   'safe-push-apply': [ '1.0.0' ],
222 silly audit   'safe-regex-test': [ '1.1.0' ],
222 silly audit   scheduler: [ '0.27.0' ],
222 silly audit   'set-function-length': [ '1.2.2' ],
222 silly audit   'set-function-name': [ '2.0.2' ],
222 silly audit   'set-proto': [ '1.0.0' ],
222 silly audit   sharp: [ '0.34.5' ],
222 silly audit   'shebang-command': [ '2.0.0' ],
222 silly audit   'shebang-regex': [ '3.0.0' ],
222 silly audit   'side-channel': [ '1.1.0' ],
222 silly audit   'side-channel-list': [ '1.0.0' ],
222 silly audit   'side-channel-map': [ '1.0.1' ],
222 silly audit   'side-channel-weakmap': [ '1.0.2' ],
222 silly audit   'source-map-js': [ '1.2.1' ],
222 silly audit   'stable-hash': [ '0.0.5' ],
222 silly audit   'stop-iteration-iterator': [ '1.1.0' ],
222 silly audit   'string.prototype.includes': [ '2.0.1' ],
222 silly audit   'string.prototype.matchall': [ '4.0.12' ],
222 silly audit   'string.prototype.repeat': [ '1.0.0' ],
222 silly audit   'string.prototype.trim': [ '1.2.10' ],
222 silly audit   'string.prototype.trimend': [ '1.0.9' ],
222 silly audit   'string.prototype.trimstart': [ '1.0.8' ],
222 silly audit   'strip-bom': [ '3.0.0' ],
222 silly audit   'strip-json-comments': [ '3.1.1' ],
222 silly audit   'styled-jsx': [ '5.1.6' ],
222 silly audit   'supports-color': [ '7.2.0' ],
222 silly audit   'supports-preserve-symlinks-flag': [ '1.0.0' ],
222 silly audit   'tailwind-merge': [ '3.4.0' ],
222 silly audit   tailwindcss: [ '4.1.18' ],
222 silly audit   tapable: [ '2.3.0' ],
222 silly audit   tinyglobby: [ '0.2.15' ],
222 silly audit   fdir: [ '6.5.0' ],
222 silly audit   'to-regex-range': [ '5.0.1' ],
222 silly audit   'ts-api-utils': [ '2.4.0' ],
222 silly audit   'tsconfig-paths': [ '3.15.0' ],
222 silly audit   tslib: [ '2.8.1' ],
222 silly audit   'type-check': [ '0.4.0' ],
222 silly audit   'typed-array-buffer': [ '1.0.3' ],
222 silly audit   'typed-array-byte-length': [ '1.0.3' ],
222 silly audit   'typed-array-byte-offset': [ '1.0.4' ],
222 silly audit   'typed-array-length': [ '1.0.7' ],
222 silly audit   typescript: [ '5.9.3' ],
222 silly audit   'typescript-eslint': [ '8.54.0' ],
222 silly audit   'unbox-primitive': [ '1.1.0' ],
222 silly audit   'undici-types': [ '6.21.0' ],
222 silly audit   'unrs-resolver': [ '1.11.1' ],
222 silly audit   'update-browserslist-db': [ '1.2.3' ],
222 silly audit   'uri-js': [ '4.4.1' ],
222 silly audit   which: [ '2.0.2' ],
222 silly audit   'which-boxed-primitive': [ '1.1.1' ],
222 silly audit   'which-builtin-type': [ '1.2.1' ],
222 silly audit   'which-collection': [ '1.0.2' ],
222 silly audit   'which-typed-array': [ '1.1.20' ],
222 silly audit   'word-wrap': [ '1.2.5' ],
222 silly audit   yallist: [ '3.1.1' ],
222 silly audit   'yocto-queue': [ '0.1.0' ],
222 silly audit   zod: [ '4.3.6' ],
222 silly audit   'zod-validation-error': [ '4.0.2' ],
222 silly audit   resend: [ '6.9.1' ],
222 silly audit   mailparser: [ '3.9.1' ],
222 silly audit   svix: [ '1.84.1' ],
222 silly audit   '@zone-eu/mailsplit': [ '5.4.8' ],
222 silly audit   'encoding-japanese': [ '2.2.0' ],
222 silly audit   he: [ '1.2.0' ],
222 silly audit   'html-to-text': [ '9.0.5' ],
222 silly audit   'iconv-lite': [ '0.7.0', '0.6.3' ],
222 silly audit   libmime: [ '5.3.7' ],
222 silly audit   'linkify-it': [ '5.0.0' ],
222 silly audit   nodemailer: [ '7.0.11' ],
222 silly audit   'punycode.js': [ '2.3.1' ],
222 silly audit   tlds: [ '1.261.0' ],
222 silly audit   libbase64: [ '1.3.0' ],
222 silly audit   libqp: [ '2.1.1' ],
222 silly audit   '@selderee/plugin-htmlparser2': [ '0.11.0' ],
222 silly audit   deepmerge: [ '4.3.1' ],
222 silly audit   'dom-serializer': [ '2.0.0' ],
222 silly audit   htmlparser2: [ '8.0.2' ],
222 silly audit   selderee: [ '0.11.0' ],
222 silly audit   domhandler: [ '5.0.3' ],
222 silly audit   domelementtype: [ '2.3.0' ],
222 silly audit   entities: [ '4.5.0' ],
222 silly audit   domutils: [ '3.2.2' ],
222 silly audit   'safer-buffer': [ '2.1.2' ],
222 silly audit   'uc.micro': [ '2.1.0' ],
222 silly audit   parseley: [ '0.12.1' ],
222 silly audit   leac: [ '0.6.0' ],
222 silly audit   peberminta: [ '0.9.0' ],
222 silly audit   standardwebhooks: [ '1.0.0' ],
222 silly audit   uuid: [ '10.0.0' ],
222 silly audit   '@stablelib/base64': [ '1.0.1' ],
222 silly audit   'fast-sha256': [ '1.3.0' ]
222 silly audit }
223 http cache fast-sha256@https://registry.npmjs.org/fast-sha256/-/fast-sha256-1.3.0.tgz 0ms (cache hit)
224 http cache uuid@https://registry.npmjs.org/uuid/-/uuid-10.0.0.tgz 0ms (cache hit)
225 http cache standardwebhooks@https://registry.npmjs.org/standardwebhooks/-/standardwebhooks-1.0.0.tgz 0ms (cache hit)
226 http cache leac@https://registry.npmjs.org/leac/-/leac-0.6.0.tgz 0ms (cache hit)
227 http cache @stablelib/base64@https://registry.npmjs.org/@stablelib/base64/-/base64-1.0.1.tgz 0ms (cache hit)
228 http cache uc.micro@https://registry.npmjs.org/uc.micro/-/uc.micro-2.1.0.tgz 0ms (cache hit)
229 http cache safer-buffer@https://registry.npmjs.org/safer-buffer/-/safer-buffer-2.1.2.tgz 0ms (cache hit)
230 http cache domutils@https://registry.npmjs.org/domutils/-/domutils-3.2.2.tgz 0ms (cache hit)
231 http cache domelementtype@https://registry.npmjs.org/domelementtype/-/domelementtype-2.3.0.tgz 0ms (cache hit)
232 http cache peberminta@https://registry.npmjs.org/peberminta/-/peberminta-0.9.0.tgz 0ms (cache hit)
233 http cache selderee@https://registry.npmjs.org/selderee/-/selderee-0.11.0.tgz 0ms (cache hit)
234 http cache entities@https://registry.npmjs.org/entities/-/entities-4.5.0.tgz 0ms (cache hit)
235 http cache parseley@https://registry.npmjs.org/parseley/-/parseley-0.12.1.tgz 0ms (cache hit)
236 http cache dom-serializer@https://registry.npmjs.org/dom-serializer/-/dom-serializer-2.0.0.tgz 0ms (cache hit)
237 http cache deepmerge@https://registry.npmjs.org/deepmerge/-/deepmerge-4.3.1.tgz 0ms (cache hit)
238 http cache libqp@https://registry.npmjs.org/libqp/-/libqp-2.1.1.tgz 0ms (cache hit)
239 http cache htmlparser2@https://registry.npmjs.org/htmlparser2/-/htmlparser2-8.0.2.tgz 0ms (cache hit)
240 http cache @selderee/plugin-htmlparser2@https://registry.npmjs.org/@selderee/plugin-htmlparser2/-/plugin-htmlparser2-0.11.0.tgz 0ms (cache hit)
241 http cache tlds@https://registry.npmjs.org/tlds/-/tlds-1.261.0.tgz 0ms (cache hit)
242 http cache libbase64@https://registry.npmjs.org/libbase64/-/libbase64-1.3.0.tgz 0ms (cache hit)
243 http cache linkify-it@https://registry.npmjs.org/linkify-it/-/linkify-it-5.0.0.tgz 0ms (cache hit)
244 http cache punycode.js@https://registry.npmjs.org/punycode.js/-/punycode.js-2.3.1.tgz 0ms (cache hit)
245 http cache nodemailer@https://registry.npmjs.org/nodemailer/-/nodemailer-7.0.11.tgz 0ms (cache hit)
246 http cache libmime@https://registry.npmjs.org/libmime/-/libmime-5.3.7.tgz 0ms (cache hit)
247 http cache iconv-lite@https://registry.npmjs.org/iconv-lite/-/iconv-lite-0.7.0.tgz 0ms (cache hit)
248 http cache html-to-text@https://registry.npmjs.org/html-to-text/-/html-to-text-9.0.5.tgz 0ms (cache hit)
249 http cache he@https://registry.npmjs.org/he/-/he-1.2.0.tgz 0ms (cache hit)
250 http cache encoding-japanese@https://registry.npmjs.org/encoding-japanese/-/encoding-japanese-2.2.0.tgz 0ms (cache hit)
251 http cache svix@https://registry.npmjs.org/svix/-/svix-1.84.1.tgz 0ms (cache hit)
252 http cache @zone-eu/mailsplit@https://registry.npmjs.org/@zone-eu/mailsplit/-/mailsplit-5.4.8.tgz 0ms (cache hit)
253 http cache resend@https://registry.npmjs.org/resend/-/resend-6.9.1.tgz 0ms (cache hit)
254 http cache domhandler@https://registry.npmjs.org/domhandler/-/domhandler-5.0.3.tgz 0ms (cache hit)
255 silly tarball no local data for fast-sha256@https://registry.npmjs.org/fast-sha256/-/fast-sha256-1.3.0.tgz. Extracting by manifest.
256 http cache mailparser@https://registry.npmjs.org/mailparser/-/mailparser-3.9.1.tgz 0ms (cache hit)
257 silly tarball no local data for uuid@https://registry.npmjs.org/uuid/-/uuid-10.0.0.tgz. Extracting by manifest.
258 http cache iconv-lite@https://registry.npmjs.org/iconv-lite/-/iconv-lite-0.6.3.tgz 0ms (cache hit)
259 silly tarball no local data for standardwebhooks@https://registry.npmjs.org/standardwebhooks/-/standardwebhooks-1.0.0.tgz. Extracting by manifest.
260 silly tarball no local data for leac@https://registry.npmjs.org/leac/-/leac-0.6.0.tgz. Extracting by manifest.
261 silly tarball no local data for @stablelib/base64@https://registry.npmjs.org/@stablelib/base64/-/base64-1.0.1.tgz. Extracting by manifest.
262 silly tarball no local data for uc.micro@https://registry.npmjs.org/uc.micro/-/uc.micro-2.1.0.tgz. Extracting by manifest.
263 silly tarball no local data for safer-buffer@https://registry.npmjs.org/safer-buffer/-/safer-buffer-2.1.2.tgz. Extracting by manifest.
264 silly tarball no local data for domutils@https://registry.npmjs.org/domutils/-/domutils-3.2.2.tgz. Extracting by manifest.
265 silly tarball no local data for domelementtype@https://registry.npmjs.org/domelementtype/-/domelementtype-2.3.0.tgz. Extracting by manifest.
266 silly tarball no local data for peberminta@https://registry.npmjs.org/peberminta/-/peberminta-0.9.0.tgz. Extracting by manifest.
267 silly tarball no local data for selderee@https://registry.npmjs.org/selderee/-/selderee-0.11.0.tgz. Extracting by manifest.
268 silly tarball no local data for entities@https://registry.npmjs.org/entities/-/entities-4.5.0.tgz. Extracting by manifest.
269 silly tarball no local data for parseley@https://registry.npmjs.org/parseley/-/parseley-0.12.1.tgz. Extracting by manifest.
270 silly tarball no local data for dom-serializer@https://registry.npmjs.org/dom-serializer/-/dom-serializer-2.0.0.tgz. Extracting by manifest.
271 silly tarball no local data for deepmerge@https://registry.npmjs.org/deepmerge/-/deepmerge-4.3.1.tgz. Extracting by manifest.
272 silly tarball no local data for libqp@https://registry.npmjs.org/libqp/-/libqp-2.1.1.tgz. Extracting by manifest.
273 silly tarball no local data for htmlparser2@https://registry.npmjs.org/htmlparser2/-/htmlparser2-8.0.2.tgz. Extracting by manifest.
274 silly tarball no local data for @selderee/plugin-htmlparser2@https://registry.npmjs.org/@selderee/plugin-htmlparser2/-/plugin-htmlparser2-0.11.0.tgz. Extracting by manifest.
275 silly tarball no local data for tlds@https://registry.npmjs.org/tlds/-/tlds-1.261.0.tgz. Extracting by manifest.
276 silly tarball no local data for libbase64@https://registry.npmjs.org/libbase64/-/libbase64-1.3.0.tgz. Extracting by manifest.
277 silly tarball no local data for linkify-it@https://registry.npmjs.org/linkify-it/-/linkify-it-5.0.0.tgz. Extracting by manifest.
278 silly tarball no local data for punycode.js@https://registry.npmjs.org/punycode.js/-/punycode.js-2.3.1.tgz. Extracting by manifest.
279 silly tarball no local data for nodemailer@https://registry.npmjs.org/nodemailer/-/nodemailer-7.0.11.tgz. Extracting by manifest.
280 silly tarball no local data for libmime@https://registry.npmjs.org/libmime/-/libmime-5.3.7.tgz. Extracting by manifest.
281 silly tarball no local data for iconv-lite@https://registry.npmjs.org/iconv-lite/-/iconv-lite-0.7.0.tgz. Extracting by manifest.
282 silly tarball no local data for html-to-text@https://registry.npmjs.org/html-to-text/-/html-to-text-9.0.5.tgz. Extracting by manifest.
283 silly tarball no local data for he@https://registry.npmjs.org/he/-/he-1.2.0.tgz. Extracting by manifest.
284 silly tarball no local data for encoding-japanese@https://registry.npmjs.org/encoding-japanese/-/encoding-japanese-2.2.0.tgz. Extracting by manifest.
285 silly tarball no local data for svix@https://registry.npmjs.org/svix/-/svix-1.84.1.tgz. Extracting by manifest.
286 silly tarball no local data for @zone-eu/mailsplit@https://registry.npmjs.org/@zone-eu/mailsplit/-/mailsplit-5.4.8.tgz. Extracting by manifest.
287 silly tarball no local data for resend@https://registry.npmjs.org/resend/-/resend-6.9.1.tgz. Extracting by manifest.
288 silly tarball no local data for domhandler@https://registry.npmjs.org/domhandler/-/domhandler-5.0.3.tgz. Extracting by manifest.
289 silly tarball no local data for mailparser@https://registry.npmjs.org/mailparser/-/mailparser-3.9.1.tgz. Extracting by manifest.
290 silly tarball no local data for iconv-lite@https://registry.npmjs.org/iconv-lite/-/iconv-lite-0.6.3.tgz. Extracting by manifest.
291 http fetch GET 200 https://registry.npmjs.org/fast-sha256/-/fast-sha256-1.3.0.tgz 52ms (cache miss)
292 http fetch GET 200 https://registry.npmjs.org/standardwebhooks/-/standardwebhooks-1.0.0.tgz 52ms (cache miss)
293 http fetch GET 200 https://registry.npmjs.org/leac/-/leac-0.6.0.tgz 53ms (cache miss)
294 http fetch GET 200 https://registry.npmjs.org/uc.micro/-/uc.micro-2.1.0.tgz 53ms (cache miss)
295 http fetch GET 200 https://registry.npmjs.org/safer-buffer/-/safer-buffer-2.1.2.tgz 59ms (cache miss)
296 http fetch GET 200 https://registry.npmjs.org/domutils/-/domutils-3.2.2.tgz 66ms (cache miss)
297 http fetch GET 200 https://registry.npmjs.org/uuid/-/uuid-10.0.0.tgz 72ms (cache miss)
298 http fetch GET 200 https://registry.npmjs.org/parseley/-/parseley-0.12.1.tgz 71ms (cache miss)
299 http fetch GET 200 https://registry.npmjs.org/domelementtype/-/domelementtype-2.3.0.tgz 74ms (cache miss)
300 http fetch GET 200 https://registry.npmjs.org/libqp/-/libqp-2.1.1.tgz 89ms (cache miss)
301 http fetch GET 200 https://registry.npmjs.org/tlds/-/tlds-1.261.0.tgz 88ms (cache miss)
302 http fetch GET 200 https://registry.npmjs.org/libbase64/-/libbase64-1.3.0.tgz 89ms (cache miss)
303 http fetch GET 200 https://registry.npmjs.org/deepmerge/-/deepmerge-4.3.1.tgz 90ms (cache miss)
304 http fetch GET 200 https://registry.npmjs.org/linkify-it/-/linkify-it-5.0.0.tgz 101ms (cache miss)
305 http fetch GET 200 https://registry.npmjs.org/@selderee/plugin-htmlparser2/-/plugin-htmlparser2-0.11.0.tgz 102ms (cache miss)
306 http fetch GET 200 https://registry.npmjs.org/htmlparser2/-/htmlparser2-8.0.2.tgz 104ms (cache miss)
307 http fetch GET 200 https://registry.npmjs.org/libmime/-/libmime-5.3.7.tgz 135ms (cache miss)
308 http fetch GET 200 https://registry.npmjs.org/html-to-text/-/html-to-text-9.0.5.tgz 135ms (cache miss)
309 http fetch GET 200 https://registry.npmjs.org/punycode.js/-/punycode.js-2.3.1.tgz 153ms (cache miss)
310 http fetch GET 200 https://registry.npmjs.org/nodemailer/-/nodemailer-7.0.11.tgz 159ms (cache miss)
311 http fetch GET 200 https://registry.npmjs.org/resend/-/resend-6.9.1.tgz 199ms (cache miss)
312 http fetch GET 200 https://registry.npmjs.org/iconv-lite/-/iconv-lite-0.7.0.tgz 209ms (cache miss)
313 http fetch GET 200 https://registry.npmjs.org/encoding-japanese/-/encoding-japanese-2.2.0.tgz 215ms (cache miss)
314 http fetch GET 200 https://registry.npmjs.org/dom-serializer/-/dom-serializer-2.0.0.tgz 224ms (cache miss)
315 http fetch GET 200 https://registry.npmjs.org/domhandler/-/domhandler-5.0.3.tgz 222ms (cache miss)
316 http fetch GET 200 https://registry.npmjs.org/mailparser/-/mailparser-3.9.1.tgz 228ms (cache miss)
317 http fetch GET 200 https://registry.npmjs.org/peberminta/-/peberminta-0.9.0.tgz 233ms (cache miss)
318 http fetch GET 200 https://registry.npmjs.org/iconv-lite/-/iconv-lite-0.6.3.tgz 236ms (cache miss)
319 http fetch GET 200 https://registry.npmjs.org/entities/-/entities-4.5.0.tgz 241ms (cache miss)
320 http fetch GET 200 https://registry.npmjs.org/selderee/-/selderee-0.11.0.tgz 258ms (cache miss)
321 http fetch GET 200 https://registry.npmjs.org/he/-/he-1.2.0.tgz 302ms (cache miss)
322 http fetch POST 200 https://registry.npmjs.org/-/npm/v1/security/advisories/bulk 317ms
323 silly audit report {}
324 http fetch GET 200 https://registry.npmjs.org/svix/-/svix-1.84.1.tgz 326ms (cache miss)
325 http fetch GET 200 https://registry.npmjs.org/@stablelib/base64/-/base64-1.0.1.tgz 389ms (cache miss)
326 http fetch GET 200 https://registry.npmjs.org/@zone-eu/mailsplit/-/mailsplit-5.4.8.tgz 498ms (cache miss)
327 silly ADD node_modules/fast-sha256
328 silly ADD node_modules/@stablelib/base64
329 silly ADD node_modules/uuid
330 silly ADD node_modules/standardwebhooks
331 silly ADD node_modules/peberminta
332 silly ADD node_modules/leac
333 silly ADD node_modules/parseley
334 silly ADD node_modules/uc.micro
335 silly ADD node_modules/safer-buffer
336 silly ADD node_modules/domutils
337 silly ADD node_modules/entities
338 silly ADD node_modules/domelementtype
339 silly ADD node_modules/domhandler
340 silly ADD node_modules/selderee
341 silly ADD node_modules/htmlparser2
342 silly ADD node_modules/dom-serializer
343 silly ADD node_modules/deepmerge
344 silly ADD node_modules/@selderee/plugin-htmlparser2
345 silly ADD node_modules/libqp
346 silly ADD node_modules/libbase64
347 silly ADD node_modules/tlds
348 silly ADD node_modules/punycode.js
349 silly ADD node_modules/nodemailer
350 silly ADD node_modules/linkify-it
351 silly ADD node_modules/libmime
352 silly ADD node_modules/libmime/node_modules/iconv-lite
353 silly ADD node_modules/iconv-lite
354 silly ADD node_modules/html-to-text
355 silly ADD node_modules/he
356 silly ADD node_modules/encoding-japanese
357 silly ADD node_modules/@zone-eu/mailsplit
358 silly ADD node_modules/svix
359 silly ADD node_modules/mailparser
360 silly ADD node_modules/resend
361 verbose cwd /Users/tejaspatel/Himani Joshi
362 verbose os Darwin 25.2.0
363 verbose node v24.11.1
364 verbose npm  v11.6.2
365 verbose exit 0
366 info ok
