0 verbose cli /usr/local/bin/node /usr/local/bin/npm
1 info using npm@11.6.2
2 info using node@v24.11.1
3 silly config load:file:/usr/local/lib/node_modules/npm/npmrc
4 silly config load:file:/Users/tejaspatel/Himani Joshi/.npmrc
5 silly config load:file:/Users/tejaspatel/.npmrc
6 silly config load:file:/usr/local/etc/npmrc
7 verbose title npm install three @types/three @react-three/fiber @react-three/drei
8 verbose argv "install" "three" "@types/three" "@react-three/fiber" "@react-three/drei"
9 verbose logfile logs-max:10 dir:/Users/tejaspatel/Himani Joshi/npm-cache/_logs/2026-02-03T09_57_56_594Z-
10 verbose logfile /Users/tejaspatel/Himani Joshi/npm-cache/_logs/2026-02-03T09_57_56_594Z-debug-0.log
11 silly logfile start cleaning logs, removing 1 files
12 silly packumentCache heap:4496293888 maxSize:1124073472 maxEntrySize:562036736
13 silly logfile done cleaning log files
14 verbose shrinkwrap failed to load node_modules/.package-lock.json EPERM: operation not permitted, stat '/Users/tejaspatel/Himani Joshi/node_modules'
15 silly idealTree buildDeps
16 silly fetch manifest three@*
17 silly packumentCache full:https://registry.npmjs.org/three cache-miss
18 http fetch GET https://registry.npmjs.org/three attempt 1 failed with ENOTFOUND
19 http fetch GET https://registry.npmjs.org/three attempt 2 failed with ENOTFOUND
20 http fetch GET https://registry.npmjs.org/three attempt 3 failed with ENOTFOUND
21 silly fetch manifest @types/three@*
22 silly packumentCache full:https://registry.npmjs.org/@types%2fthree cache-miss
23 http fetch GET https://registry.npmjs.org/@types%2fthree attempt 1 failed with ENOTFOUND
24 http fetch GET https://registry.npmjs.org/@types%2fthree attempt 2 failed with ENOTFOUND
25 http fetch GET https://registry.npmjs.org/@types%2fthree attempt 3 failed with ENOTFOUND
26 silly fetch manifest @react-three/fiber@*
27 silly packumentCache full:https://registry.npmjs.org/@react-three%2ffiber cache-miss
28 http fetch GET https://registry.npmjs.org/@react-three%2ffiber attempt 1 failed with ENOTFOUND
29 http fetch GET https://registry.npmjs.org/@react-three%2ffiber attempt 2 failed with ENOTFOUND
30 http fetch GET https://registry.npmjs.org/@react-three%2ffiber attempt 3 failed with ENOTFOUND
31 silly fetch manifest @react-three/drei@*
32 silly packumentCache full:https://registry.npmjs.org/@react-three%2fdrei cache-miss
33 http fetch GET https://registry.npmjs.org/@react-three%2fdrei attempt 1 failed with ENOTFOUND
34 http fetch GET https://registry.npmjs.org/@react-three%2fdrei attempt 2 failed with ENOTFOUND
35 http fetch GET https://registry.npmjs.org/@react-three%2fdrei attempt 3 failed with ENOTFOUND
36 silly placeDep ROOT @react-three/drei@ OK for: himani-web@0.1.0 want: *
37 silly placeDep ROOT @react-three/fiber@ OK for: himani-web@0.1.0 want: *
38 silly placeDep ROOT @types/three@ OK for: himani-web@0.1.0 want: *
39 silly placeDep ROOT three@ OK for: himani-web@0.1.0 want: *
40 verbose type system
41 verbose stack FetchError: request to https://registry.npmjs.org/@react-three%2fdrei failed, reason: getaddrinfo ENOTFOUND registry.npmjs.org
41 verbose stack     at ClientRequest.<anonymous> (/usr/local/lib/node_modules/npm/node_modules/minipass-fetch/lib/index.js:130:14)
41 verbose stack     at ClientRequest.emit (node:events:508:28)
41 verbose stack     at emitErrorEvent (node:_http_client:108:11)
41 verbose stack     at _destroy (node:_http_client:962:9)
41 verbose stack     at onSocketNT (node:_http_client:982:5)
41 verbose stack     at process.processTicksAndRejections (node:internal/process/task_queues:90:21)
42 error code ENOTFOUND
43 error syscall getaddrinfo
44 error errno ENOTFOUND
45 error network request to https://registry.npmjs.org/@react-three%2fdrei failed, reason: getaddrinfo ENOTFOUND registry.npmjs.org
46 error network This is a problem related to network connectivity.
46 error network In most cases you are behind a proxy or have bad network settings.
46 error network
46 error network If you are behind a proxy, please make sure that the
46 error network 'proxy' config is set properly.  See: 'npm help config'
47 silly unfinished npm timer reify 1770112676895
48 silly unfinished npm timer reify:loadTrees 1770112676897
49 verbose cwd /Users/tejaspatel/Himani Joshi
50 verbose os Darwin 25.2.0
51 verbose node v24.11.1
52 verbose npm  v11.6.2
53 verbose exit 1
54 verbose code 1
55 error A complete log of this run can be found in: /Users/tejaspatel/Himani Joshi/npm-cache/_logs/2026-02-03T09_57_56_594Z-debug-0.log
